<?xml version="1.0" encoding="UTF-8"?>
<!-- Generated by org.testng.reporters.JUnitReportReporter -->
<testsuite hostname="DEV-LPT331" failures="0" tests="1" name="com.reqres.qa.tests.HeadersDemo" time="1.152" errors="0" timestamp="2024-02-25T23:42:22 IST" skipped="0">
  <testcase classname="com.reqres.qa.tests.HeadersDemo" name="getHeaders" time="1.152"/>
</testsuite> <!-- com.reqres.qa.tests.HeadersDemo -->
