<?xml version="1.0" encoding="UTF-8"?>
<!-- Generated by org.testng.reporters.JUnitReportReporter -->
<testsuite hostname="DEV-LPT331" failures="0" tests="1" name="com.reqres.qa.tests.CookiesDemo" time="1.646" errors="0" timestamp="2024-02-25T22:55:49 IST" skipped="0">
  <testcase classname="com.reqres.qa.tests.CookiesDemo" name="getCookiesInfo" time="1.646"/>
</testsuite> <!-- com.reqres.qa.tests.CookiesDemo -->
