<?xml version="1.0" encoding="UTF-8"?>
<!-- Generated by org.testng.reporters.JUnitReportReporter -->
<testsuite hostname="DEV-LPT331" failures="0" tests="1" name="com.reqres.qa.tests.LoggingDemo" time="1.270" errors="0" timestamp="2024-02-26T11:24:45 IST" skipped="0">
  <testcase classname="com.reqres.qa.tests.LoggingDemo" name="testLogs" time="1.270"/>
</testsuite> <!-- com.reqres.qa.tests.LoggingDemo -->
