<?xml version="1.0" encoding="UTF-8"?>
<!-- Generated by org.testng.reporters.JUnitReportReporter -->
<testsuite hostname="DEV-LPT331" failures="0" tests="1" name="com.reqres.qa.tests.DiffWaysToCreatePostRequestBody" time="2.267" errors="0" timestamp="2024-02-25T13:07:05 IST" skipped="0">
  <testcase classname="com.reqres.qa.tests.DiffWaysToCreatePostRequestBody" name="testPostUsingHashMap" time="2.267"/>
</testsuite> <!-- com.reqres.qa.tests.DiffWaysToCreatePostRequestBody -->
