<?xml version="1.0" encoding="UTF-8"?>
<!-- Generated by org.testng.reporters.JUnitReportReporter -->
<testsuite hostname="DEV-LPT331" failures="0" tests="1" name="com.reqres.qa.tests.PathAndQueryParameters" time="3.363" errors="0" timestamp="2024-02-26T11:32:57 IST" skipped="0">
  <testcase classname="com.reqres.qa.tests.PathAndQueryParameters" name="testPathAndQueryParameter" time="3.363"/>
</testsuite> <!-- com.reqres.qa.tests.PathAndQueryParameters -->
