<?xml version="1.0" encoding="UTF-8"?>
<!-- Generated by org.testng.reporters.JUnitReportReporter -->
<testsuite hostname="DEV-LPT331" failures="0" tests="4" name="com.reqres.qa.tests.UserList" time="4.276" errors="0" timestamp="2024-02-25T11:39:45 IST" skipped="0">
  <testcase classname="com.reqres.qa.tests.UserList" name="getUsers" time="2.474"/>
  <testcase classname="com.reqres.qa.tests.UserList" name="createUser" time="1.003"/>
  <testcase classname="com.reqres.qa.tests.UserList" name="updateUser" time="0.424"/>
  <testcase classname="com.reqres.qa.tests.UserList" name="deleteUser" time="0.375"/>
</testsuite> <!-- com.reqres.qa.tests.UserList -->
